<?xml version="1.0" encoding="UTF-8"?>
<testsuite name="org.hyperledger.fabric.samples.assettransfer.AssetTest$Equality" tests="6" skipped="0" failures="0" errors="0" timestamp="2021-06-04T00:34:43" hostname="vaka-HP-ProBook-450-G4" time="0.022">
  <properties/>
  <testcase name="handlesOtherObjects()" classname="org.hyperledger.fabric.samples.assettransfer.AssetTest$Equality" time="0.002"/>
  <testcase name="isReflexive()" classname="org.hyperledger.fabric.samples.assettransfer.AssetTest$Equality" time="0.002"/>
  <testcase name="isTransitive()" classname="org.hyperledger.fabric.samples.assettransfer.AssetTest$Equality" time="0.002"/>
  <testcase name="handlesInequality()" classname="org.hyperledger.fabric.samples.assettransfer.AssetTest$Equality" time="0.002"/>
  <testcase name="isSymmetric()" classname="org.hyperledger.fabric.samples.assettransfer.AssetTest$Equality" time="0.002"/>
  <testcase name="handlesNull()" classname="org.hyperledger.fabric.samples.assettransfer.AssetTest$Equality" time="0.001"/>
  <system-out><![CDATA[]]></system-out>
  <system-err><![CDATA[]]></system-err>
</testsuite>
